<?xml version="1.0" encoding="UTF-8"?>
<!-- Generated by org.testng.reporters.JUnitReportReporter -->
<testsuite hostname="GORDITA" name="com.seleniumadvanced.github.NegativeTests" tests="4" failures="0" timestamp="29 Apr 2020 05:00:12 GMT" time="75.502" errors="0">
  <testcase name="negativeTest" time="12.237" classname="com.seleniumadvanced.github.NegativeTests"/>
  <testcase name="negativeTest" time="25.153" classname="com.seleniumadvanced.github.NegativeTests"/>
  <testcase name="negativeTest" time="10.316" classname="com.seleniumadvanced.github.NegativeTests"/>
  <testcase name="negativeTest" time="27.796" classname="com.seleniumadvanced.github.NegativeTests"/>
</testsuite> <!-- com.seleniumadvanced.github.NegativeTests -->
