<?xml version="1.0" encoding="UTF-8"?>
<!-- Generated by org.testng.reporters.JUnitReportReporter -->
<testsuite hostname="GORDITA" name="com.seleniumadvanced.github.PositiveTests" tests="1" failures="0" timestamp="2 May 2020 05:53:28 GMT" time="15.008" errors="0">
  <testcase name="logInTest" time="15.008" classname="com.seleniumadvanced.github.PositiveTests"/>
</testsuite> <!-- com.seleniumadvanced.github.PositiveTests -->
